Microsoft (R) Macro Assembler Version 10.00.30319.01	    08/27/11 00:49:08
C:\Users\dan\Desktop\jkaq3\code\asm\ftola.asm		     Page 1 - 1


				; ===========================================================================
				; Copyright (C) 2011 Thilo Schulz <thilo@tjps.eu>
				; 
				; This file is part of Quake III Arena source code.
				; 
				; Quake III Arena source code is free software; you can redistribute it
				; and/or modify it under the terms of the GNU General Public License as
				; published by the Free Software Foundation; either version 2 of the License,
				; or (at your option) any later version.
				; 
				; Quake III Arena source code is distributed in the hope that it will be
				; useful, but WITHOUT ANY WARRANTY; without even the implied warranty of
				; MERCHANTABILITY or FITNESS FOR A PARTICULAR PURPOSE.  See the
				; GNU General Public License for more details.
				; 
				; You should have received a copy of the GNU General Public License
				; along with Quake III Arena source code; if not, write to the Free Software
				; Foundation, Inc., 51 Franklin St, Fifth Floor, Boston, MA  02110-1301  USA
				; ===========================================================================
				
				; MASM ftol conversion functions using SSE or FPU
				; assume __cdecl calling convention is being used for x86, __fastcall for x64
				
				IFNDEF idx64
				.model flat, c
				ENDIF
				
				; .data
				
				; ifndef idx64
				;   fpucw WORD 0F7Fh
				; endif
				
 00000000			.code
				
				IFDEF idx64
				ELSE
				; qftol using FPU
				
				  qftolx87m macro src
				;    not necessary, fpucw is set with _controlfp at startup;    sub esp, 2;    fnstcw word ptr [esp];    fldcw fpucw    fld dword ptr src
					fistp dword ptr src
				;	fldcw [esp]	mov eax, src
				;	add esp, 2	ret  endm
				  
				  qftolx87 PROC
				; need this line when storing FPU control word on stack
				;    qftolx87m [esp + 6]
				    qftolx87m [esp + 4]
				  qftolx87 ENDP
				
				  qvmftolx87 PROC
 00000000			    qftolx87m [edi + ebx * 4]
				  qvmftolx87 ENDP
				
				; qftol using SSE
 00000000  D9 44 24 04	     1	    fld dword ptr [esp + 4]
 00000004  DB 5C 24 04	     1		fistp dword ptr [esp + 4]
 00000008  8B 44 24 04	     1		mov eax, [esp + 4]
 0000000C  C3		     1		ret
 0000000D			  qftolsse PROC
				    movss xmm0, dword ptr [esp + 4]
 0000000D			    cvttss2si eax, xmm0
					ret
 0000000D  D9 04 9F	     1	    fld dword ptr [edi + ebx * 4]
 00000010  DB 1C 9F	     1		fistp dword ptr [edi + ebx * 4]
 00000013  8B 04 9F	     1		mov eax, [edi + ebx * 4]
 00000016  C3		     1		ret
 00000017			  qftolsse ENDP
				
				  qvmftolsse PROC
 00000017			    movss xmm0, dword ptr [edi + ebx * 4]
 00000017  F3/ 0F 10 44 24		cvttss2si eax, xmm0
	   04
 0000001D  F3/ 0F 2C C0			ret
 00000021  C3			  qvmftolsse ENDP
 00000022			ENDIF
				
 00000022			end
 00000022  F3/ 0F 10 04 9F
 00000027  F3/ 0F 2C C0
 0000002B  C3
 0000002C
Microsoft (R) Macro Assembler Version 10.00.30319.01	    08/27/11 00:49:08
C:\Users\dan\Desktop\jkaq3\code\asm\ftola.asm		     Symbols 2 - 1




Macros:

                N a m e                 Type

qftolx87m  . . . . . . . . . . .	Proc


Segments and Groups:

                N a m e                 Size     Length   Align   Combine Class

FLAT . . . . . . . . . . . . . .	GROUP
_DATA  . . . . . . . . . . . . .	32 Bit	 00000000 Para	  Public  'DATA'	
_TEXT  . . . . . . . . . . . . .	32 Bit	 0000002C Para	  Public  'CODE'	


Procedures, parameters, and locals:

                N a m e                 Type     Value    Attr

qftolsse . . . . . . . . . . . .	P Near	 00000017 _TEXT	Length= 0000000B Public C
qftolx87 . . . . . . . . . . . .	P Near	 00000000 _TEXT	Length= 0000000D Public C
qvmftolsse . . . . . . . . . . .	P Near	 00000022 _TEXT	Length= 0000000A Public C
qvmftolx87 . . . . . . . . . . .	P Near	 0000000D _TEXT	Length= 0000000A Public C


Symbols:

                N a m e                 Type     Value    Attr

@CodeSize  . . . . . . . . . . .	Number	 00000000h   
@DataSize  . . . . . . . . . . .	Number	 00000000h   
@Interface . . . . . . . . . . .	Number	 00000001h   
@Model . . . . . . . . . . . . .	Number	 00000007h   
@code  . . . . . . . . . . . . .	Text   	 _TEXT
@data  . . . . . . . . . . . . .	Text   	 FLAT
@fardata?  . . . . . . . . . . .	Text   	 FLAT
@fardata . . . . . . . . . . . .	Text   	 FLAT
@stack . . . . . . . . . . . . .	Text   	 FLAT

	   0 Warnings
	   0 Errors
