..\..\build\quake3_debug\ioquake3.x86.bsc
..\..\build\quake3_debug\ioquake3.x86.ilk
C:\USERS\DAN\DESKTOP\JKAQ3\BUILD\QUAKE3_DEBUG\ADLER32.OBJ
C:\USERS\DAN\DESKTOP\JKAQ3\BUILD\QUAKE3_DEBUG\ADLER32.SBR
C:\USERS\DAN\DESKTOP\JKAQ3\BUILD\QUAKE3_DEBUG\BE_AAS_BSPQ3.OBJ
C:\USERS\DAN\DESKTOP\JKAQ3\BUILD\QUAKE3_DEBUG\BE_AAS_BSPQ3.SBR
C:\USERS\DAN\DESKTOP\JKAQ3\BUILD\QUAKE3_DEBUG\BE_AAS_CLUSTER.OBJ
C:\USERS\DAN\DESKTOP\JKAQ3\BUILD\QUAKE3_DEBUG\BE_AAS_CLUSTER.SBR
C:\USERS\DAN\DESKTOP\JKAQ3\BUILD\QUAKE3_DEBUG\BE_AAS_DEBUG.OBJ
C:\USERS\DAN\DESKTOP\JKAQ3\BUILD\QUAKE3_DEBUG\BE_AAS_DEBUG.SBR
C:\USERS\DAN\DESKTOP\JKAQ3\BUILD\QUAKE3_DEBUG\BE_AAS_ENTITY.OBJ
C:\USERS\DAN\DESKTOP\JKAQ3\BUILD\QUAKE3_DEBUG\BE_AAS_ENTITY.SBR
C:\USERS\DAN\DESKTOP\JKAQ3\BUILD\QUAKE3_DEBUG\BE_AAS_FILE.OBJ
C:\USERS\DAN\DESKTOP\JKAQ3\BUILD\QUAKE3_DEBUG\BE_AAS_FILE.SBR
C:\USERS\DAN\DESKTOP\JKAQ3\BUILD\QUAKE3_DEBUG\BE_AAS_MAIN.OBJ
C:\USERS\DAN\DESKTOP\JKAQ3\BUILD\QUAKE3_DEBUG\BE_AAS_MAIN.SBR
C:\USERS\DAN\DESKTOP\JKAQ3\BUILD\QUAKE3_DEBUG\BE_AAS_MOVE.OBJ
C:\USERS\DAN\DESKTOP\JKAQ3\BUILD\QUAKE3_DEBUG\BE_AAS_MOVE.SBR
C:\USERS\DAN\DESKTOP\JKAQ3\BUILD\QUAKE3_DEBUG\BE_AAS_OPTIMIZE.OBJ
C:\USERS\DAN\DESKTOP\JKAQ3\BUILD\QUAKE3_DEBUG\BE_AAS_OPTIMIZE.SBR
C:\USERS\DAN\DESKTOP\JKAQ3\BUILD\QUAKE3_DEBUG\BE_AAS_REACH.OBJ
C:\USERS\DAN\DESKTOP\JKAQ3\BUILD\QUAKE3_DEBUG\BE_AAS_REACH.SBR
C:\USERS\DAN\DESKTOP\JKAQ3\BUILD\QUAKE3_DEBUG\BE_AAS_ROUTE.OBJ
C:\USERS\DAN\DESKTOP\JKAQ3\BUILD\QUAKE3_DEBUG\BE_AAS_ROUTE.SBR
C:\USERS\DAN\DESKTOP\JKAQ3\BUILD\QUAKE3_DEBUG\BE_AAS_ROUTEALT.OBJ
C:\USERS\DAN\DESKTOP\JKAQ3\BUILD\QUAKE3_DEBUG\BE_AAS_ROUTEALT.SBR
C:\USERS\DAN\DESKTOP\JKAQ3\BUILD\QUAKE3_DEBUG\BE_AAS_SAMPLE.OBJ
C:\USERS\DAN\DESKTOP\JKAQ3\BUILD\QUAKE3_DEBUG\BE_AAS_SAMPLE.SBR
C:\USERS\DAN\DESKTOP\JKAQ3\BUILD\QUAKE3_DEBUG\BE_AI_CHAR.OBJ
C:\USERS\DAN\DESKTOP\JKAQ3\BUILD\QUAKE3_DEBUG\BE_AI_CHAR.SBR
C:\USERS\DAN\DESKTOP\JKAQ3\BUILD\QUAKE3_DEBUG\BE_AI_CHAT.OBJ
C:\USERS\DAN\DESKTOP\JKAQ3\BUILD\QUAKE3_DEBUG\BE_AI_CHAT.SBR
C:\USERS\DAN\DESKTOP\JKAQ3\BUILD\QUAKE3_DEBUG\BE_AI_GEN.OBJ
C:\USERS\DAN\DESKTOP\JKAQ3\BUILD\QUAKE3_DEBUG\BE_AI_GEN.SBR
C:\USERS\DAN\DESKTOP\JKAQ3\BUILD\QUAKE3_DEBUG\BE_AI_GOAL.OBJ
C:\USERS\DAN\DESKTOP\JKAQ3\BUILD\QUAKE3_DEBUG\BE_AI_GOAL.SBR
C:\USERS\DAN\DESKTOP\JKAQ3\BUILD\QUAKE3_DEBUG\BE_AI_MOVE.OBJ
C:\USERS\DAN\DESKTOP\JKAQ3\BUILD\QUAKE3_DEBUG\BE_AI_MOVE.SBR
C:\USERS\DAN\DESKTOP\JKAQ3\BUILD\QUAKE3_DEBUG\BE_AI_WEAP.OBJ
C:\USERS\DAN\DESKTOP\JKAQ3\BUILD\QUAKE3_DEBUG\BE_AI_WEAP.SBR
C:\USERS\DAN\DESKTOP\JKAQ3\BUILD\QUAKE3_DEBUG\BE_AI_WEIGHT.OBJ
C:\USERS\DAN\DESKTOP\JKAQ3\BUILD\QUAKE3_DEBUG\BE_AI_WEIGHT.SBR
C:\USERS\DAN\DESKTOP\JKAQ3\BUILD\QUAKE3_DEBUG\BE_EA.OBJ
C:\USERS\DAN\DESKTOP\JKAQ3\BUILD\QUAKE3_DEBUG\BE_EA.SBR
C:\USERS\DAN\DESKTOP\JKAQ3\BUILD\QUAKE3_DEBUG\BE_INTERFACE.OBJ
C:\USERS\DAN\DESKTOP\JKAQ3\BUILD\QUAKE3_DEBUG\BE_INTERFACE.SBR
C:\USERS\DAN\DESKTOP\JKAQ3\BUILD\QUAKE3_DEBUG\BITS.OBJ
C:\USERS\DAN\DESKTOP\JKAQ3\BUILD\QUAKE3_DEBUG\BITS.SBR
C:\Users\dan\Desktop\jkaq3\build\quake3_debug\BscMake.command.1.tlog
C:\Users\dan\Desktop\jkaq3\build\quake3_debug\bscmake.read.1.tlog
C:\Users\dan\Desktop\jkaq3\build\quake3_debug\bscmake.write.1.tlog
C:\USERS\DAN\DESKTOP\JKAQ3\BUILD\QUAKE3_DEBUG\BUFFER.OBJ
C:\USERS\DAN\DESKTOP\JKAQ3\BUILD\QUAKE3_DEBUG\BUFFER.SBR
C:\USERS\DAN\DESKTOP\JKAQ3\BUILD\QUAKE3_DEBUG\CB_SEARCH.OBJ
C:\USERS\DAN\DESKTOP\JKAQ3\BUILD\QUAKE3_DEBUG\CB_SEARCH.SBR
C:\Users\dan\Desktop\jkaq3\build\quake3_debug\cl.command.1.tlog
C:\Users\dan\Desktop\jkaq3\build\quake3_debug\CL.read.1.tlog
C:\Users\dan\Desktop\jkaq3\build\quake3_debug\CL.write.1.tlog
C:\USERS\DAN\DESKTOP\JKAQ3\BUILD\QUAKE3_DEBUG\CL_AVI.OBJ
C:\USERS\DAN\DESKTOP\JKAQ3\BUILD\QUAKE3_DEBUG\CL_AVI.SBR
C:\USERS\DAN\DESKTOP\JKAQ3\BUILD\QUAKE3_DEBUG\CL_CGAME.OBJ
C:\USERS\DAN\DESKTOP\JKAQ3\BUILD\QUAKE3_DEBUG\CL_CGAME.SBR
C:\USERS\DAN\DESKTOP\JKAQ3\BUILD\QUAKE3_DEBUG\CL_CIN.OBJ
C:\USERS\DAN\DESKTOP\JKAQ3\BUILD\QUAKE3_DEBUG\CL_CIN.SBR
C:\USERS\DAN\DESKTOP\JKAQ3\BUILD\QUAKE3_DEBUG\CL_CONSOLE.OBJ
C:\USERS\DAN\DESKTOP\JKAQ3\BUILD\QUAKE3_DEBUG\CL_CONSOLE.SBR
C:\USERS\DAN\DESKTOP\JKAQ3\BUILD\QUAKE3_DEBUG\CL_CURL.OBJ
C:\USERS\DAN\DESKTOP\JKAQ3\BUILD\QUAKE3_DEBUG\CL_CURL.SBR
C:\USERS\DAN\DESKTOP\JKAQ3\BUILD\QUAKE3_DEBUG\CL_INPUT.OBJ
C:\USERS\DAN\DESKTOP\JKAQ3\BUILD\QUAKE3_DEBUG\CL_INPUT.SBR
C:\USERS\DAN\DESKTOP\JKAQ3\BUILD\QUAKE3_DEBUG\CL_KEYS.OBJ
C:\USERS\DAN\DESKTOP\JKAQ3\BUILD\QUAKE3_DEBUG\CL_KEYS.SBR
C:\USERS\DAN\DESKTOP\JKAQ3\BUILD\QUAKE3_DEBUG\CL_MAIN.OBJ
C:\USERS\DAN\DESKTOP\JKAQ3\BUILD\QUAKE3_DEBUG\CL_MAIN.SBR
C:\USERS\DAN\DESKTOP\JKAQ3\BUILD\QUAKE3_DEBUG\CL_NET_CHAN.OBJ
C:\USERS\DAN\DESKTOP\JKAQ3\BUILD\QUAKE3_DEBUG\CL_NET_CHAN.SBR
C:\USERS\DAN\DESKTOP\JKAQ3\BUILD\QUAKE3_DEBUG\CL_PARSE.OBJ
C:\USERS\DAN\DESKTOP\JKAQ3\BUILD\QUAKE3_DEBUG\CL_PARSE.SBR
C:\USERS\DAN\DESKTOP\JKAQ3\BUILD\QUAKE3_DEBUG\CL_SCRN.OBJ
C:\USERS\DAN\DESKTOP\JKAQ3\BUILD\QUAKE3_DEBUG\CL_SCRN.SBR
C:\USERS\DAN\DESKTOP\JKAQ3\BUILD\QUAKE3_DEBUG\CL_UI.OBJ
C:\USERS\DAN\DESKTOP\JKAQ3\BUILD\QUAKE3_DEBUG\CL_UI.SBR
C:\USERS\DAN\DESKTOP\JKAQ3\BUILD\QUAKE3_DEBUG\CM_LOAD.OBJ
C:\USERS\DAN\DESKTOP\JKAQ3\BUILD\QUAKE3_DEBUG\CM_LOAD.SBR
C:\USERS\DAN\DESKTOP\JKAQ3\BUILD\QUAKE3_DEBUG\CM_PATCH.OBJ
C:\USERS\DAN\DESKTOP\JKAQ3\BUILD\QUAKE3_DEBUG\CM_PATCH.SBR
C:\USERS\DAN\DESKTOP\JKAQ3\BUILD\QUAKE3_DEBUG\CM_POLYLIB.OBJ
C:\USERS\DAN\DESKTOP\JKAQ3\BUILD\QUAKE3_DEBUG\CM_POLYLIB.SBR
C:\USERS\DAN\DESKTOP\JKAQ3\BUILD\QUAKE3_DEBUG\CM_TEST.OBJ
C:\USERS\DAN\DESKTOP\JKAQ3\BUILD\QUAKE3_DEBUG\CM_TEST.SBR
C:\USERS\DAN\DESKTOP\JKAQ3\BUILD\QUAKE3_DEBUG\CM_TRACE.OBJ
C:\USERS\DAN\DESKTOP\JKAQ3\BUILD\QUAKE3_DEBUG\CM_TRACE.SBR
C:\USERS\DAN\DESKTOP\JKAQ3\BUILD\QUAKE3_DEBUG\CMD.OBJ
C:\USERS\DAN\DESKTOP\JKAQ3\BUILD\QUAKE3_DEBUG\CMD.SBR
C:\USERS\DAN\DESKTOP\JKAQ3\BUILD\QUAKE3_DEBUG\COMMON.OBJ
C:\USERS\DAN\DESKTOP\JKAQ3\BUILD\QUAKE3_DEBUG\COMMON.SBR
C:\USERS\DAN\DESKTOP\JKAQ3\BUILD\QUAKE3_DEBUG\CON_LOG.OBJ
C:\USERS\DAN\DESKTOP\JKAQ3\BUILD\QUAKE3_DEBUG\CON_LOG.SBR
C:\USERS\DAN\DESKTOP\JKAQ3\BUILD\QUAKE3_DEBUG\CON_PASSIVE.OBJ
C:\USERS\DAN\DESKTOP\JKAQ3\BUILD\QUAKE3_DEBUG\CON_PASSIVE.SBR
C:\USERS\DAN\DESKTOP\JKAQ3\BUILD\QUAKE3_DEBUG\CRC32.OBJ
C:\USERS\DAN\DESKTOP\JKAQ3\BUILD\QUAKE3_DEBUG\CRC32.SBR
C:\Users\dan\Desktop\jkaq3\build\quake3_debug\custombuild.command.1.tlog
C:\Users\dan\Desktop\jkaq3\build\quake3_debug\custombuild.read.1.tlog
C:\Users\dan\Desktop\jkaq3\build\quake3_debug\custombuild.write.1.tlog
C:\USERS\DAN\DESKTOP\JKAQ3\BUILD\QUAKE3_DEBUG\CVAR.OBJ
C:\USERS\DAN\DESKTOP\JKAQ3\BUILD\QUAKE3_DEBUG\CVAR.SBR
C:\USERS\DAN\DESKTOP\JKAQ3\BUILD\QUAKE3_DEBUG\EXC_10_16_TABLE.OBJ
C:\USERS\DAN\DESKTOP\JKAQ3\BUILD\QUAKE3_DEBUG\EXC_10_16_TABLE.SBR
C:\USERS\DAN\DESKTOP\JKAQ3\BUILD\QUAKE3_DEBUG\EXC_10_32_TABLE.OBJ
C:\USERS\DAN\DESKTOP\JKAQ3\BUILD\QUAKE3_DEBUG\EXC_10_32_TABLE.SBR
C:\USERS\DAN\DESKTOP\JKAQ3\BUILD\QUAKE3_DEBUG\EXC_20_32_TABLE.OBJ
C:\USERS\DAN\DESKTOP\JKAQ3\BUILD\QUAKE3_DEBUG\EXC_20_32_TABLE.SBR
C:\USERS\DAN\DESKTOP\JKAQ3\BUILD\QUAKE3_DEBUG\EXC_5_256_TABLE.OBJ
C:\USERS\DAN\DESKTOP\JKAQ3\BUILD\QUAKE3_DEBUG\EXC_5_256_TABLE.SBR
C:\USERS\DAN\DESKTOP\JKAQ3\BUILD\QUAKE3_DEBUG\EXC_5_64_TABLE.OBJ
C:\USERS\DAN\DESKTOP\JKAQ3\BUILD\QUAKE3_DEBUG\EXC_5_64_TABLE.SBR
C:\USERS\DAN\DESKTOP\JKAQ3\BUILD\QUAKE3_DEBUG\EXC_8_128_TABLE.OBJ
C:\USERS\DAN\DESKTOP\JKAQ3\BUILD\QUAKE3_DEBUG\EXC_8_128_TABLE.SBR
C:\USERS\DAN\DESKTOP\JKAQ3\BUILD\QUAKE3_DEBUG\FFTWRAP.OBJ
C:\USERS\DAN\DESKTOP\JKAQ3\BUILD\QUAKE3_DEBUG\FFTWRAP.SBR
C:\USERS\DAN\DESKTOP\JKAQ3\BUILD\QUAKE3_DEBUG\FILES.OBJ
C:\USERS\DAN\DESKTOP\JKAQ3\BUILD\QUAKE3_DEBUG\FILES.SBR
C:\USERS\DAN\DESKTOP\JKAQ3\BUILD\QUAKE3_DEBUG\FILTERBANK.OBJ
C:\USERS\DAN\DESKTOP\JKAQ3\BUILD\QUAKE3_DEBUG\FILTERBANK.SBR
C:\USERS\DAN\DESKTOP\JKAQ3\BUILD\QUAKE3_DEBUG\FILTERS.OBJ
C:\USERS\DAN\DESKTOP\JKAQ3\BUILD\QUAKE3_DEBUG\FILTERS.SBR
C:\USERS\DAN\DESKTOP\JKAQ3\BUILD\QUAKE3_DEBUG\FTOLA.OBJ
C:\USERS\DAN\DESKTOP\JKAQ3\BUILD\QUAKE3_DEBUG\GAIN_TABLE.OBJ
C:\USERS\DAN\DESKTOP\JKAQ3\BUILD\QUAKE3_DEBUG\GAIN_TABLE.SBR
C:\USERS\DAN\DESKTOP\JKAQ3\BUILD\QUAKE3_DEBUG\GAIN_TABLE_LBR.OBJ
C:\USERS\DAN\DESKTOP\JKAQ3\BUILD\QUAKE3_DEBUG\GAIN_TABLE_LBR.SBR
C:\USERS\DAN\DESKTOP\JKAQ3\BUILD\QUAKE3_DEBUG\HEXC_10_32_TABLE.OBJ
C:\USERS\DAN\DESKTOP\JKAQ3\BUILD\QUAKE3_DEBUG\HEXC_10_32_TABLE.SBR
C:\USERS\DAN\DESKTOP\JKAQ3\BUILD\QUAKE3_DEBUG\HEXC_TABLE.OBJ
C:\USERS\DAN\DESKTOP\JKAQ3\BUILD\QUAKE3_DEBUG\HEXC_TABLE.SBR
C:\USERS\DAN\DESKTOP\JKAQ3\BUILD\QUAKE3_DEBUG\HIGH_LSP_TABLES.OBJ
C:\USERS\DAN\DESKTOP\JKAQ3\BUILD\QUAKE3_DEBUG\HIGH_LSP_TABLES.SBR
C:\USERS\DAN\DESKTOP\JKAQ3\BUILD\QUAKE3_DEBUG\HUFFMAN.OBJ
C:\USERS\DAN\DESKTOP\JKAQ3\BUILD\QUAKE3_DEBUG\HUFFMAN.SBR
C:\USERS\DAN\DESKTOP\JKAQ3\BUILD\QUAKE3_DEBUG\INFFAST.OBJ
C:\USERS\DAN\DESKTOP\JKAQ3\BUILD\QUAKE3_DEBUG\INFFAST.SBR
C:\USERS\DAN\DESKTOP\JKAQ3\BUILD\QUAKE3_DEBUG\INFLATE.OBJ
C:\USERS\DAN\DESKTOP\JKAQ3\BUILD\QUAKE3_DEBUG\INFLATE.SBR
C:\USERS\DAN\DESKTOP\JKAQ3\BUILD\QUAKE3_DEBUG\INFTREES.OBJ
C:\USERS\DAN\DESKTOP\JKAQ3\BUILD\QUAKE3_DEBUG\INFTREES.SBR
C:\USERS\DAN\DESKTOP\JKAQ3\BUILD\QUAKE3_DEBUG\IOAPI.OBJ
C:\USERS\DAN\DESKTOP\JKAQ3\BUILD\QUAKE3_DEBUG\IOAPI.SBR
C:\USERS\DAN\DESKTOP\JKAQ3\BUILD\QUAKE3_DEBUG\IOQUAKE3.X86.BSC
C:\USERS\DAN\DESKTOP\JKAQ3\BUILD\QUAKE3_DEBUG\IOQUAKE3.X86.EXE
C:\USERS\DAN\DESKTOP\JKAQ3\BUILD\QUAKE3_DEBUG\IOQUAKE3.X86.EXE.EMBED.MANIFEST
C:\USERS\DAN\DESKTOP\JKAQ3\BUILD\QUAKE3_DEBUG\IOQUAKE3.X86.EXE.EMBED.MANIFEST.RES
C:\USERS\DAN\DESKTOP\JKAQ3\BUILD\QUAKE3_DEBUG\IOQUAKE3.X86.EXE.INTERMEDIATE.MANIFEST
C:\Users\dan\Desktop\jkaq3\build\quake3_debug\ioquake3.x86.exp
C:\USERS\DAN\DESKTOP\JKAQ3\BUILD\QUAKE3_DEBUG\IOQUAKE3.X86.ILK
C:\Users\dan\Desktop\jkaq3\build\quake3_debug\ioquake3.x86.lib
C:\Users\dan\Desktop\jkaq3\build\quake3_debug\ioquake3.x86_manifest.rc
C:\USERS\DAN\DESKTOP\JKAQ3\BUILD\QUAKE3_DEBUG\JARICOM.OBJ
C:\USERS\DAN\DESKTOP\JKAQ3\BUILD\QUAKE3_DEBUG\JARICOM.SBR
C:\USERS\DAN\DESKTOP\JKAQ3\BUILD\QUAKE3_DEBUG\JCAPIMIN.OBJ
C:\USERS\DAN\DESKTOP\JKAQ3\BUILD\QUAKE3_DEBUG\JCAPIMIN.SBR
C:\USERS\DAN\DESKTOP\JKAQ3\BUILD\QUAKE3_DEBUG\JCAPISTD.OBJ
C:\USERS\DAN\DESKTOP\JKAQ3\BUILD\QUAKE3_DEBUG\JCAPISTD.SBR
C:\USERS\DAN\DESKTOP\JKAQ3\BUILD\QUAKE3_DEBUG\JCARITH.OBJ
C:\USERS\DAN\DESKTOP\JKAQ3\BUILD\QUAKE3_DEBUG\JCARITH.SBR
C:\USERS\DAN\DESKTOP\JKAQ3\BUILD\QUAKE3_DEBUG\JCCOEFCT.OBJ
C:\USERS\DAN\DESKTOP\JKAQ3\BUILD\QUAKE3_DEBUG\JCCOEFCT.SBR
C:\USERS\DAN\DESKTOP\JKAQ3\BUILD\QUAKE3_DEBUG\JCCOLOR.OBJ
C:\USERS\DAN\DESKTOP\JKAQ3\BUILD\QUAKE3_DEBUG\JCCOLOR.SBR
C:\USERS\DAN\DESKTOP\JKAQ3\BUILD\QUAKE3_DEBUG\JCDCTMGR.OBJ
C:\USERS\DAN\DESKTOP\JKAQ3\BUILD\QUAKE3_DEBUG\JCDCTMGR.SBR
C:\USERS\DAN\DESKTOP\JKAQ3\BUILD\QUAKE3_DEBUG\JCHUFF.OBJ
C:\USERS\DAN\DESKTOP\JKAQ3\BUILD\QUAKE3_DEBUG\JCHUFF.SBR
C:\USERS\DAN\DESKTOP\JKAQ3\BUILD\QUAKE3_DEBUG\JCINIT.OBJ
C:\USERS\DAN\DESKTOP\JKAQ3\BUILD\QUAKE3_DEBUG\JCINIT.SBR
C:\USERS\DAN\DESKTOP\JKAQ3\BUILD\QUAKE3_DEBUG\JCMAINCT.OBJ
C:\USERS\DAN\DESKTOP\JKAQ3\BUILD\QUAKE3_DEBUG\JCMAINCT.SBR
C:\USERS\DAN\DESKTOP\JKAQ3\BUILD\QUAKE3_DEBUG\JCMARKER.OBJ
C:\USERS\DAN\DESKTOP\JKAQ3\BUILD\QUAKE3_DEBUG\JCMARKER.SBR
C:\USERS\DAN\DESKTOP\JKAQ3\BUILD\QUAKE3_DEBUG\JCMASTER.OBJ
C:\USERS\DAN\DESKTOP\JKAQ3\BUILD\QUAKE3_DEBUG\JCMASTER.SBR
C:\USERS\DAN\DESKTOP\JKAQ3\BUILD\QUAKE3_DEBUG\JCOMAPI.OBJ
C:\USERS\DAN\DESKTOP\JKAQ3\BUILD\QUAKE3_DEBUG\JCOMAPI.SBR
C:\USERS\DAN\DESKTOP\JKAQ3\BUILD\QUAKE3_DEBUG\JCPARAM.OBJ
C:\USERS\DAN\DESKTOP\JKAQ3\BUILD\QUAKE3_DEBUG\JCPARAM.SBR
C:\USERS\DAN\DESKTOP\JKAQ3\BUILD\QUAKE3_DEBUG\JCPREPCT.OBJ
C:\USERS\DAN\DESKTOP\JKAQ3\BUILD\QUAKE3_DEBUG\JCPREPCT.SBR
C:\USERS\DAN\DESKTOP\JKAQ3\BUILD\QUAKE3_DEBUG\JCSAMPLE.OBJ
C:\USERS\DAN\DESKTOP\JKAQ3\BUILD\QUAKE3_DEBUG\JCSAMPLE.SBR
C:\USERS\DAN\DESKTOP\JKAQ3\BUILD\QUAKE3_DEBUG\JCTRANS.OBJ
C:\USERS\DAN\DESKTOP\JKAQ3\BUILD\QUAKE3_DEBUG\JCTRANS.SBR
C:\USERS\DAN\DESKTOP\JKAQ3\BUILD\QUAKE3_DEBUG\JDAPIMIN.OBJ
C:\USERS\DAN\DESKTOP\JKAQ3\BUILD\QUAKE3_DEBUG\JDAPIMIN.SBR
C:\USERS\DAN\DESKTOP\JKAQ3\BUILD\QUAKE3_DEBUG\JDAPISTD.OBJ
C:\USERS\DAN\DESKTOP\JKAQ3\BUILD\QUAKE3_DEBUG\JDAPISTD.SBR
C:\USERS\DAN\DESKTOP\JKAQ3\BUILD\QUAKE3_DEBUG\JDARITH.OBJ
C:\USERS\DAN\DESKTOP\JKAQ3\BUILD\QUAKE3_DEBUG\JDARITH.SBR
C:\USERS\DAN\DESKTOP\JKAQ3\BUILD\QUAKE3_DEBUG\JDATADST.OBJ
C:\USERS\DAN\DESKTOP\JKAQ3\BUILD\QUAKE3_DEBUG\JDATADST.SBR
C:\USERS\DAN\DESKTOP\JKAQ3\BUILD\QUAKE3_DEBUG\JDATASRC.OBJ
C:\USERS\DAN\DESKTOP\JKAQ3\BUILD\QUAKE3_DEBUG\JDATASRC.SBR
C:\USERS\DAN\DESKTOP\JKAQ3\BUILD\QUAKE3_DEBUG\JDCOEFCT.OBJ
C:\USERS\DAN\DESKTOP\JKAQ3\BUILD\QUAKE3_DEBUG\JDCOEFCT.SBR
C:\USERS\DAN\DESKTOP\JKAQ3\BUILD\QUAKE3_DEBUG\JDCOLOR.OBJ
C:\USERS\DAN\DESKTOP\JKAQ3\BUILD\QUAKE3_DEBUG\JDCOLOR.SBR
C:\USERS\DAN\DESKTOP\JKAQ3\BUILD\QUAKE3_DEBUG\JDDCTMGR.OBJ
C:\USERS\DAN\DESKTOP\JKAQ3\BUILD\QUAKE3_DEBUG\JDDCTMGR.SBR
C:\USERS\DAN\DESKTOP\JKAQ3\BUILD\QUAKE3_DEBUG\JDHUFF.OBJ
C:\USERS\DAN\DESKTOP\JKAQ3\BUILD\QUAKE3_DEBUG\JDHUFF.SBR
C:\USERS\DAN\DESKTOP\JKAQ3\BUILD\QUAKE3_DEBUG\JDINPUT.OBJ
C:\USERS\DAN\DESKTOP\JKAQ3\BUILD\QUAKE3_DEBUG\JDINPUT.SBR
C:\USERS\DAN\DESKTOP\JKAQ3\BUILD\QUAKE3_DEBUG\JDMAINCT.OBJ
C:\USERS\DAN\DESKTOP\JKAQ3\BUILD\QUAKE3_DEBUG\JDMAINCT.SBR
C:\USERS\DAN\DESKTOP\JKAQ3\BUILD\QUAKE3_DEBUG\JDMARKER.OBJ
C:\USERS\DAN\DESKTOP\JKAQ3\BUILD\QUAKE3_DEBUG\JDMARKER.SBR
C:\USERS\DAN\DESKTOP\JKAQ3\BUILD\QUAKE3_DEBUG\JDMASTER.OBJ
C:\USERS\DAN\DESKTOP\JKAQ3\BUILD\QUAKE3_DEBUG\JDMASTER.SBR
C:\USERS\DAN\DESKTOP\JKAQ3\BUILD\QUAKE3_DEBUG\JDMERGE.OBJ
C:\USERS\DAN\DESKTOP\JKAQ3\BUILD\QUAKE3_DEBUG\JDMERGE.SBR
C:\USERS\DAN\DESKTOP\JKAQ3\BUILD\QUAKE3_DEBUG\JDPOSTCT.OBJ
C:\USERS\DAN\DESKTOP\JKAQ3\BUILD\QUAKE3_DEBUG\JDPOSTCT.SBR
C:\USERS\DAN\DESKTOP\JKAQ3\BUILD\QUAKE3_DEBUG\JDSAMPLE.OBJ
C:\USERS\DAN\DESKTOP\JKAQ3\BUILD\QUAKE3_DEBUG\JDSAMPLE.SBR
C:\USERS\DAN\DESKTOP\JKAQ3\BUILD\QUAKE3_DEBUG\JDTRANS.OBJ
C:\USERS\DAN\DESKTOP\JKAQ3\BUILD\QUAKE3_DEBUG\JDTRANS.SBR
C:\USERS\DAN\DESKTOP\JKAQ3\BUILD\QUAKE3_DEBUG\JERROR.OBJ
C:\USERS\DAN\DESKTOP\JKAQ3\BUILD\QUAKE3_DEBUG\JERROR.SBR
C:\USERS\DAN\DESKTOP\JKAQ3\BUILD\QUAKE3_DEBUG\JFDCTFLT.OBJ
C:\USERS\DAN\DESKTOP\JKAQ3\BUILD\QUAKE3_DEBUG\JFDCTFLT.SBR
C:\USERS\DAN\DESKTOP\JKAQ3\BUILD\QUAKE3_DEBUG\JFDCTFST.OBJ
C:\USERS\DAN\DESKTOP\JKAQ3\BUILD\QUAKE3_DEBUG\JFDCTFST.SBR
C:\USERS\DAN\DESKTOP\JKAQ3\BUILD\QUAKE3_DEBUG\JFDCTINT.OBJ
C:\USERS\DAN\DESKTOP\JKAQ3\BUILD\QUAKE3_DEBUG\JFDCTINT.SBR
C:\USERS\DAN\DESKTOP\JKAQ3\BUILD\QUAKE3_DEBUG\JIDCTFLT.OBJ
C:\USERS\DAN\DESKTOP\JKAQ3\BUILD\QUAKE3_DEBUG\JIDCTFLT.SBR
C:\USERS\DAN\DESKTOP\JKAQ3\BUILD\QUAKE3_DEBUG\JIDCTFST.OBJ
C:\USERS\DAN\DESKTOP\JKAQ3\BUILD\QUAKE3_DEBUG\JIDCTFST.SBR
C:\USERS\DAN\DESKTOP\JKAQ3\BUILD\QUAKE3_DEBUG\JIDCTINT.OBJ
C:\USERS\DAN\DESKTOP\JKAQ3\BUILD\QUAKE3_DEBUG\JIDCTINT.SBR
C:\USERS\DAN\DESKTOP\JKAQ3\BUILD\QUAKE3_DEBUG\JITTER.OBJ
C:\USERS\DAN\DESKTOP\JKAQ3\BUILD\QUAKE3_DEBUG\JITTER.SBR
C:\USERS\DAN\DESKTOP\JKAQ3\BUILD\QUAKE3_DEBUG\JMEMMGR.OBJ
C:\USERS\DAN\DESKTOP\JKAQ3\BUILD\QUAKE3_DEBUG\JMEMMGR.SBR
C:\USERS\DAN\DESKTOP\JKAQ3\BUILD\QUAKE3_DEBUG\JMEMNOBS.OBJ
C:\USERS\DAN\DESKTOP\JKAQ3\BUILD\QUAKE3_DEBUG\JMEMNOBS.SBR
C:\USERS\DAN\DESKTOP\JKAQ3\BUILD\QUAKE3_DEBUG\JQUANT1.OBJ
C:\USERS\DAN\DESKTOP\JKAQ3\BUILD\QUAKE3_DEBUG\JQUANT1.SBR
C:\USERS\DAN\DESKTOP\JKAQ3\BUILD\QUAKE3_DEBUG\JQUANT2.OBJ
C:\USERS\DAN\DESKTOP\JKAQ3\BUILD\QUAKE3_DEBUG\JQUANT2.SBR
C:\USERS\DAN\DESKTOP\JKAQ3\BUILD\QUAKE3_DEBUG\JUTILS.OBJ
C:\USERS\DAN\DESKTOP\JKAQ3\BUILD\QUAKE3_DEBUG\JUTILS.SBR
C:\USERS\DAN\DESKTOP\JKAQ3\BUILD\QUAKE3_DEBUG\KISS_FFT.OBJ
C:\USERS\DAN\DESKTOP\JKAQ3\BUILD\QUAKE3_DEBUG\KISS_FFT.SBR
C:\USERS\DAN\DESKTOP\JKAQ3\BUILD\QUAKE3_DEBUG\KISS_FFTR.OBJ
C:\USERS\DAN\DESKTOP\JKAQ3\BUILD\QUAKE3_DEBUG\KISS_FFTR.SBR
C:\USERS\DAN\DESKTOP\JKAQ3\BUILD\QUAKE3_DEBUG\L_CRC.OBJ
C:\USERS\DAN\DESKTOP\JKAQ3\BUILD\QUAKE3_DEBUG\L_CRC.SBR
C:\USERS\DAN\DESKTOP\JKAQ3\BUILD\QUAKE3_DEBUG\L_LIBVAR.OBJ
C:\USERS\DAN\DESKTOP\JKAQ3\BUILD\QUAKE3_DEBUG\L_LIBVAR.SBR
C:\USERS\DAN\DESKTOP\JKAQ3\BUILD\QUAKE3_DEBUG\L_LOG.OBJ
C:\USERS\DAN\DESKTOP\JKAQ3\BUILD\QUAKE3_DEBUG\L_LOG.SBR
C:\USERS\DAN\DESKTOP\JKAQ3\BUILD\QUAKE3_DEBUG\L_MEMORY.OBJ
C:\USERS\DAN\DESKTOP\JKAQ3\BUILD\QUAKE3_DEBUG\L_MEMORY.SBR
C:\USERS\DAN\DESKTOP\JKAQ3\BUILD\QUAKE3_DEBUG\L_PRECOMP.OBJ
C:\USERS\DAN\DESKTOP\JKAQ3\BUILD\QUAKE3_DEBUG\L_PRECOMP.SBR
C:\USERS\DAN\DESKTOP\JKAQ3\BUILD\QUAKE3_DEBUG\L_SCRIPT.OBJ
C:\USERS\DAN\DESKTOP\JKAQ3\BUILD\QUAKE3_DEBUG\L_SCRIPT.SBR
C:\USERS\DAN\DESKTOP\JKAQ3\BUILD\QUAKE3_DEBUG\L_STRUCT.OBJ
C:\USERS\DAN\DESKTOP\JKAQ3\BUILD\QUAKE3_DEBUG\L_STRUCT.SBR
C:\Users\dan\Desktop\jkaq3\build\quake3_debug\link.command.1.tlog
C:\Users\dan\Desktop\jkaq3\build\quake3_debug\link.read.1.tlog
C:\Users\dan\Desktop\jkaq3\build\quake3_debug\link.write.1.tlog
C:\Users\dan\Desktop\jkaq3\build\quake3_debug\link-cvtres.read.1.tlog
C:\Users\dan\Desktop\jkaq3\build\quake3_debug\link-cvtres.write.1.tlog
C:\USERS\DAN\DESKTOP\JKAQ3\BUILD\QUAKE3_DEBUG\LPC.OBJ
C:\USERS\DAN\DESKTOP\JKAQ3\BUILD\QUAKE3_DEBUG\LPC.SBR
C:\USERS\DAN\DESKTOP\JKAQ3\BUILD\QUAKE3_DEBUG\LSP.OBJ
C:\USERS\DAN\DESKTOP\JKAQ3\BUILD\QUAKE3_DEBUG\LSP.SBR
C:\USERS\DAN\DESKTOP\JKAQ3\BUILD\QUAKE3_DEBUG\LSP_TABLES_NB.OBJ
C:\USERS\DAN\DESKTOP\JKAQ3\BUILD\QUAKE3_DEBUG\LSP_TABLES_NB.SBR
C:\USERS\DAN\DESKTOP\JKAQ3\BUILD\QUAKE3_DEBUG\LTP.OBJ
C:\USERS\DAN\DESKTOP\JKAQ3\BUILD\QUAKE3_DEBUG\LTP.SBR
C:\USERS\DAN\DESKTOP\JKAQ3\BUILD\QUAKE3_DEBUG\MD4.OBJ
C:\USERS\DAN\DESKTOP\JKAQ3\BUILD\QUAKE3_DEBUG\MD4.SBR
C:\USERS\DAN\DESKTOP\JKAQ3\BUILD\QUAKE3_DEBUG\MD5.OBJ
C:\USERS\DAN\DESKTOP\JKAQ3\BUILD\QUAKE3_DEBUG\MD5.SBR
C:\USERS\DAN\DESKTOP\JKAQ3\BUILD\QUAKE3_DEBUG\MDF.OBJ
C:\USERS\DAN\DESKTOP\JKAQ3\BUILD\QUAKE3_DEBUG\MDF.SBR
C:\USERS\DAN\DESKTOP\JKAQ3\BUILD\QUAKE3_DEBUG\MODES.OBJ
C:\USERS\DAN\DESKTOP\JKAQ3\BUILD\QUAKE3_DEBUG\MODES.SBR
C:\USERS\DAN\DESKTOP\JKAQ3\BUILD\QUAKE3_DEBUG\MODES_WB.OBJ
C:\USERS\DAN\DESKTOP\JKAQ3\BUILD\QUAKE3_DEBUG\MODES_WB.SBR
C:\USERS\DAN\DESKTOP\JKAQ3\BUILD\QUAKE3_DEBUG\MSG.OBJ
C:\USERS\DAN\DESKTOP\JKAQ3\BUILD\QUAKE3_DEBUG\MSG.SBR
C:\Users\dan\Desktop\jkaq3\build\quake3_debug\mt.command.1.tlog
C:\Users\dan\Desktop\jkaq3\build\quake3_debug\mt.read.1.tlog
C:\Users\dan\Desktop\jkaq3\build\quake3_debug\mt.write.1.tlog
C:\USERS\DAN\DESKTOP\JKAQ3\BUILD\QUAKE3_DEBUG\NB_CELP.OBJ
C:\USERS\DAN\DESKTOP\JKAQ3\BUILD\QUAKE3_DEBUG\NB_CELP.SBR
C:\USERS\DAN\DESKTOP\JKAQ3\BUILD\QUAKE3_DEBUG\NET_CHAN.OBJ
C:\USERS\DAN\DESKTOP\JKAQ3\BUILD\QUAKE3_DEBUG\NET_CHAN.SBR
C:\USERS\DAN\DESKTOP\JKAQ3\BUILD\QUAKE3_DEBUG\NET_IP.OBJ
C:\USERS\DAN\DESKTOP\JKAQ3\BUILD\QUAKE3_DEBUG\NET_IP.SBR
C:\USERS\DAN\DESKTOP\JKAQ3\BUILD\QUAKE3_DEBUG\PREPROCESS.OBJ
C:\USERS\DAN\DESKTOP\JKAQ3\BUILD\QUAKE3_DEBUG\PREPROCESS.SBR
C:\USERS\DAN\DESKTOP\JKAQ3\BUILD\QUAKE3_DEBUG\PUFF.OBJ
C:\USERS\DAN\DESKTOP\JKAQ3\BUILD\QUAKE3_DEBUG\PUFF.SBR
C:\USERS\DAN\DESKTOP\JKAQ3\BUILD\QUAKE3_DEBUG\Q_MATH.OBJ
C:\USERS\DAN\DESKTOP\JKAQ3\BUILD\QUAKE3_DEBUG\Q_MATH.SBR
C:\USERS\DAN\DESKTOP\JKAQ3\BUILD\QUAKE3_DEBUG\Q_SHARED.OBJ
C:\USERS\DAN\DESKTOP\JKAQ3\BUILD\QUAKE3_DEBUG\Q_SHARED.SBR
C:\USERS\DAN\DESKTOP\JKAQ3\BUILD\QUAKE3_DEBUG\QAL.OBJ
C:\USERS\DAN\DESKTOP\JKAQ3\BUILD\QUAKE3_DEBUG\QAL.SBR
C:\USERS\DAN\DESKTOP\JKAQ3\BUILD\QUAKE3_DEBUG\QUAKE3.MAP
C:\USERS\DAN\DESKTOP\JKAQ3\BUILD\QUAKE3_DEBUG\QUAKE3.PDB
C:\Users\dan\Desktop\jkaq3\build\quake3_debug\quake3.write.1.tlog
C:\USERS\DAN\DESKTOP\JKAQ3\BUILD\QUAKE3_DEBUG\QUANT_LSP.OBJ
C:\USERS\DAN\DESKTOP\JKAQ3\BUILD\QUAKE3_DEBUG\QUANT_LSP.SBR
C:\Users\dan\Desktop\jkaq3\build\quake3_debug\rc.command.1.tlog
C:\Users\dan\Desktop\jkaq3\build\quake3_debug\rc.read.1.tlog
C:\Users\dan\Desktop\jkaq3\build\quake3_debug\rc.write.1.tlog
C:\USERS\DAN\DESKTOP\JKAQ3\BUILD\QUAKE3_DEBUG\RESAMPLE.OBJ
C:\USERS\DAN\DESKTOP\JKAQ3\BUILD\QUAKE3_DEBUG\RESAMPLE.SBR
C:\USERS\DAN\DESKTOP\JKAQ3\BUILD\QUAKE3_DEBUG\SB_CELP.OBJ
C:\USERS\DAN\DESKTOP\JKAQ3\BUILD\QUAKE3_DEBUG\SB_CELP.SBR
C:\USERS\DAN\DESKTOP\JKAQ3\BUILD\QUAKE3_DEBUG\SDL_GAMMA.OBJ
C:\USERS\DAN\DESKTOP\JKAQ3\BUILD\QUAKE3_DEBUG\SDL_GAMMA.SBR
C:\USERS\DAN\DESKTOP\JKAQ3\BUILD\QUAKE3_DEBUG\SDL_GLIMP.OBJ
C:\USERS\DAN\DESKTOP\JKAQ3\BUILD\QUAKE3_DEBUG\SDL_GLIMP.SBR
C:\USERS\DAN\DESKTOP\JKAQ3\BUILD\QUAKE3_DEBUG\SDL_INPUT.OBJ
C:\USERS\DAN\DESKTOP\JKAQ3\BUILD\QUAKE3_DEBUG\SDL_INPUT.SBR
C:\USERS\DAN\DESKTOP\JKAQ3\BUILD\QUAKE3_DEBUG\SDL_SND.OBJ
C:\USERS\DAN\DESKTOP\JKAQ3\BUILD\QUAKE3_DEBUG\SDL_SND.SBR
C:\USERS\DAN\DESKTOP\JKAQ3\BUILD\QUAKE3_DEBUG\SMALLFT.OBJ
C:\USERS\DAN\DESKTOP\JKAQ3\BUILD\QUAKE3_DEBUG\SMALLFT.SBR
C:\USERS\DAN\DESKTOP\JKAQ3\BUILD\QUAKE3_DEBUG\SNAPVECTOR.OBJ
C:\USERS\DAN\DESKTOP\JKAQ3\BUILD\QUAKE3_DEBUG\SND_ADPCM.OBJ
C:\USERS\DAN\DESKTOP\JKAQ3\BUILD\QUAKE3_DEBUG\SND_ADPCM.SBR
C:\USERS\DAN\DESKTOP\JKAQ3\BUILD\QUAKE3_DEBUG\SND_CODEC.OBJ
C:\USERS\DAN\DESKTOP\JKAQ3\BUILD\QUAKE3_DEBUG\SND_CODEC.SBR
C:\USERS\DAN\DESKTOP\JKAQ3\BUILD\QUAKE3_DEBUG\SND_CODEC_MP3.OBJ
C:\USERS\DAN\DESKTOP\JKAQ3\BUILD\QUAKE3_DEBUG\SND_CODEC_MP3.SBR
C:\USERS\DAN\DESKTOP\JKAQ3\BUILD\QUAKE3_DEBUG\SND_CODEC_OGG.OBJ
C:\USERS\DAN\DESKTOP\JKAQ3\BUILD\QUAKE3_DEBUG\SND_CODEC_OGG.SBR
C:\USERS\DAN\DESKTOP\JKAQ3\BUILD\QUAKE3_DEBUG\SND_CODEC_WAV.OBJ
C:\USERS\DAN\DESKTOP\JKAQ3\BUILD\QUAKE3_DEBUG\SND_CODEC_WAV.SBR
C:\USERS\DAN\DESKTOP\JKAQ3\BUILD\QUAKE3_DEBUG\SND_DMA.OBJ
C:\USERS\DAN\DESKTOP\JKAQ3\BUILD\QUAKE3_DEBUG\SND_DMA.SBR
C:\USERS\DAN\DESKTOP\JKAQ3\BUILD\QUAKE3_DEBUG\SND_MAIN.OBJ
C:\USERS\DAN\DESKTOP\JKAQ3\BUILD\QUAKE3_DEBUG\SND_MAIN.SBR
C:\USERS\DAN\DESKTOP\JKAQ3\BUILD\QUAKE3_DEBUG\SND_MEM.OBJ
C:\USERS\DAN\DESKTOP\JKAQ3\BUILD\QUAKE3_DEBUG\SND_MEM.SBR
C:\USERS\DAN\DESKTOP\JKAQ3\BUILD\QUAKE3_DEBUG\SND_MIX.OBJ
C:\USERS\DAN\DESKTOP\JKAQ3\BUILD\QUAKE3_DEBUG\SND_MIX.SBR
C:\USERS\DAN\DESKTOP\JKAQ3\BUILD\QUAKE3_DEBUG\SND_OPENAL.OBJ
C:\USERS\DAN\DESKTOP\JKAQ3\BUILD\QUAKE3_DEBUG\SND_OPENAL.SBR
C:\USERS\DAN\DESKTOP\JKAQ3\BUILD\QUAKE3_DEBUG\SND_WAVELET.OBJ
C:\USERS\DAN\DESKTOP\JKAQ3\BUILD\QUAKE3_DEBUG\SND_WAVELET.SBR
C:\USERS\DAN\DESKTOP\JKAQ3\BUILD\QUAKE3_DEBUG\SPEEX.OBJ
C:\USERS\DAN\DESKTOP\JKAQ3\BUILD\QUAKE3_DEBUG\SPEEX.SBR
C:\USERS\DAN\DESKTOP\JKAQ3\BUILD\QUAKE3_DEBUG\SPEEX_CALLBACKS.OBJ
C:\USERS\DAN\DESKTOP\JKAQ3\BUILD\QUAKE3_DEBUG\SPEEX_CALLBACKS.SBR
C:\USERS\DAN\DESKTOP\JKAQ3\BUILD\QUAKE3_DEBUG\SPEEX_HEADER.OBJ
C:\USERS\DAN\DESKTOP\JKAQ3\BUILD\QUAKE3_DEBUG\SPEEX_HEADER.SBR
C:\USERS\DAN\DESKTOP\JKAQ3\BUILD\QUAKE3_DEBUG\STEREO.OBJ
C:\USERS\DAN\DESKTOP\JKAQ3\BUILD\QUAKE3_DEBUG\STEREO.SBR
C:\USERS\DAN\DESKTOP\JKAQ3\BUILD\QUAKE3_DEBUG\SV_BOT.OBJ
C:\USERS\DAN\DESKTOP\JKAQ3\BUILD\QUAKE3_DEBUG\SV_BOT.SBR
C:\USERS\DAN\DESKTOP\JKAQ3\BUILD\QUAKE3_DEBUG\SV_CCMDS.OBJ
C:\USERS\DAN\DESKTOP\JKAQ3\BUILD\QUAKE3_DEBUG\SV_CCMDS.SBR
C:\USERS\DAN\DESKTOP\JKAQ3\BUILD\QUAKE3_DEBUG\SV_CLIENT.OBJ
C:\USERS\DAN\DESKTOP\JKAQ3\BUILD\QUAKE3_DEBUG\SV_CLIENT.SBR
C:\USERS\DAN\DESKTOP\JKAQ3\BUILD\QUAKE3_DEBUG\SV_GAME.OBJ
C:\USERS\DAN\DESKTOP\JKAQ3\BUILD\QUAKE3_DEBUG\SV_GAME.SBR
C:\USERS\DAN\DESKTOP\JKAQ3\BUILD\QUAKE3_DEBUG\SV_INIT.OBJ
C:\USERS\DAN\DESKTOP\JKAQ3\BUILD\QUAKE3_DEBUG\SV_INIT.SBR
C:\USERS\DAN\DESKTOP\JKAQ3\BUILD\QUAKE3_DEBUG\SV_MAIN.OBJ
C:\USERS\DAN\DESKTOP\JKAQ3\BUILD\QUAKE3_DEBUG\SV_MAIN.SBR
C:\USERS\DAN\DESKTOP\JKAQ3\BUILD\QUAKE3_DEBUG\SV_NET_CHAN.OBJ
C:\USERS\DAN\DESKTOP\JKAQ3\BUILD\QUAKE3_DEBUG\SV_NET_CHAN.SBR
C:\USERS\DAN\DESKTOP\JKAQ3\BUILD\QUAKE3_DEBUG\SV_SNAPSHOT.OBJ
C:\USERS\DAN\DESKTOP\JKAQ3\BUILD\QUAKE3_DEBUG\SV_SNAPSHOT.SBR
C:\USERS\DAN\DESKTOP\JKAQ3\BUILD\QUAKE3_DEBUG\SV_WORLD.OBJ
C:\USERS\DAN\DESKTOP\JKAQ3\BUILD\QUAKE3_DEBUG\SV_WORLD.SBR
C:\USERS\DAN\DESKTOP\JKAQ3\BUILD\QUAKE3_DEBUG\SYS_MAIN.OBJ
C:\USERS\DAN\DESKTOP\JKAQ3\BUILD\QUAKE3_DEBUG\SYS_MAIN.SBR
C:\USERS\DAN\DESKTOP\JKAQ3\BUILD\QUAKE3_DEBUG\SYS_WIN32.OBJ
C:\USERS\DAN\DESKTOP\JKAQ3\BUILD\QUAKE3_DEBUG\SYS_WIN32.SBR
C:\USERS\DAN\DESKTOP\JKAQ3\BUILD\QUAKE3_DEBUG\TR_ANIMATION.OBJ
C:\USERS\DAN\DESKTOP\JKAQ3\BUILD\QUAKE3_DEBUG\TR_ANIMATION.SBR
C:\USERS\DAN\DESKTOP\JKAQ3\BUILD\QUAKE3_DEBUG\TR_BACKEND.OBJ
C:\USERS\DAN\DESKTOP\JKAQ3\BUILD\QUAKE3_DEBUG\TR_BACKEND.SBR
C:\USERS\DAN\DESKTOP\JKAQ3\BUILD\QUAKE3_DEBUG\TR_BSP.OBJ
C:\USERS\DAN\DESKTOP\JKAQ3\BUILD\QUAKE3_DEBUG\TR_BSP.SBR
C:\USERS\DAN\DESKTOP\JKAQ3\BUILD\QUAKE3_DEBUG\TR_CMDS.OBJ
C:\USERS\DAN\DESKTOP\JKAQ3\BUILD\QUAKE3_DEBUG\TR_CMDS.SBR
C:\USERS\DAN\DESKTOP\JKAQ3\BUILD\QUAKE3_DEBUG\TR_CURVE.OBJ
C:\USERS\DAN\DESKTOP\JKAQ3\BUILD\QUAKE3_DEBUG\TR_CURVE.SBR
C:\USERS\DAN\DESKTOP\JKAQ3\BUILD\QUAKE3_DEBUG\TR_FLARES.OBJ
C:\USERS\DAN\DESKTOP\JKAQ3\BUILD\QUAKE3_DEBUG\TR_FLARES.SBR
C:\USERS\DAN\DESKTOP\JKAQ3\BUILD\QUAKE3_DEBUG\TR_FONT.OBJ
C:\USERS\DAN\DESKTOP\JKAQ3\BUILD\QUAKE3_DEBUG\TR_FONT.SBR
C:\USERS\DAN\DESKTOP\JKAQ3\BUILD\QUAKE3_DEBUG\TR_IMAGE.OBJ
C:\USERS\DAN\DESKTOP\JKAQ3\BUILD\QUAKE3_DEBUG\TR_IMAGE.SBR
C:\USERS\DAN\DESKTOP\JKAQ3\BUILD\QUAKE3_DEBUG\TR_IMAGE_BMP.OBJ
C:\USERS\DAN\DESKTOP\JKAQ3\BUILD\QUAKE3_DEBUG\TR_IMAGE_BMP.SBR
C:\USERS\DAN\DESKTOP\JKAQ3\BUILD\QUAKE3_DEBUG\TR_IMAGE_JPG.OBJ
C:\USERS\DAN\DESKTOP\JKAQ3\BUILD\QUAKE3_DEBUG\TR_IMAGE_JPG.SBR
C:\USERS\DAN\DESKTOP\JKAQ3\BUILD\QUAKE3_DEBUG\TR_IMAGE_PCX.OBJ
C:\USERS\DAN\DESKTOP\JKAQ3\BUILD\QUAKE3_DEBUG\TR_IMAGE_PCX.SBR
C:\USERS\DAN\DESKTOP\JKAQ3\BUILD\QUAKE3_DEBUG\TR_IMAGE_PNG.OBJ
C:\USERS\DAN\DESKTOP\JKAQ3\BUILD\QUAKE3_DEBUG\TR_IMAGE_PNG.SBR
C:\USERS\DAN\DESKTOP\JKAQ3\BUILD\QUAKE3_DEBUG\TR_IMAGE_TGA.OBJ
C:\USERS\DAN\DESKTOP\JKAQ3\BUILD\QUAKE3_DEBUG\TR_IMAGE_TGA.SBR
C:\USERS\DAN\DESKTOP\JKAQ3\BUILD\QUAKE3_DEBUG\TR_INIT.OBJ
C:\USERS\DAN\DESKTOP\JKAQ3\BUILD\QUAKE3_DEBUG\TR_INIT.SBR
C:\USERS\DAN\DESKTOP\JKAQ3\BUILD\QUAKE3_DEBUG\TR_LIGHT.OBJ
C:\USERS\DAN\DESKTOP\JKAQ3\BUILD\QUAKE3_DEBUG\TR_LIGHT.SBR
C:\USERS\DAN\DESKTOP\JKAQ3\BUILD\QUAKE3_DEBUG\TR_MAIN.OBJ
C:\USERS\DAN\DESKTOP\JKAQ3\BUILD\QUAKE3_DEBUG\TR_MAIN.SBR
C:\USERS\DAN\DESKTOP\JKAQ3\BUILD\QUAKE3_DEBUG\TR_MARKS.OBJ
C:\USERS\DAN\DESKTOP\JKAQ3\BUILD\QUAKE3_DEBUG\TR_MARKS.SBR
C:\USERS\DAN\DESKTOP\JKAQ3\BUILD\QUAKE3_DEBUG\TR_MESH.OBJ
C:\USERS\DAN\DESKTOP\JKAQ3\BUILD\QUAKE3_DEBUG\TR_MESH.SBR
C:\USERS\DAN\DESKTOP\JKAQ3\BUILD\QUAKE3_DEBUG\TR_MODEL.OBJ
C:\USERS\DAN\DESKTOP\JKAQ3\BUILD\QUAKE3_DEBUG\TR_MODEL.SBR
C:\USERS\DAN\DESKTOP\JKAQ3\BUILD\QUAKE3_DEBUG\TR_MODEL_IQM.OBJ
C:\USERS\DAN\DESKTOP\JKAQ3\BUILD\QUAKE3_DEBUG\TR_MODEL_IQM.SBR
C:\USERS\DAN\DESKTOP\JKAQ3\BUILD\QUAKE3_DEBUG\TR_NOISE.OBJ
C:\USERS\DAN\DESKTOP\JKAQ3\BUILD\QUAKE3_DEBUG\TR_NOISE.SBR
C:\USERS\DAN\DESKTOP\JKAQ3\BUILD\QUAKE3_DEBUG\TR_SCENE.OBJ
C:\USERS\DAN\DESKTOP\JKAQ3\BUILD\QUAKE3_DEBUG\TR_SCENE.SBR
C:\USERS\DAN\DESKTOP\JKAQ3\BUILD\QUAKE3_DEBUG\TR_SHADE.OBJ
C:\USERS\DAN\DESKTOP\JKAQ3\BUILD\QUAKE3_DEBUG\TR_SHADE.SBR
C:\USERS\DAN\DESKTOP\JKAQ3\BUILD\QUAKE3_DEBUG\TR_SHADE_CALC.OBJ
C:\USERS\DAN\DESKTOP\JKAQ3\BUILD\QUAKE3_DEBUG\TR_SHADE_CALC.SBR
C:\USERS\DAN\DESKTOP\JKAQ3\BUILD\QUAKE3_DEBUG\TR_SHADER.OBJ
C:\USERS\DAN\DESKTOP\JKAQ3\BUILD\QUAKE3_DEBUG\TR_SHADER.SBR
C:\USERS\DAN\DESKTOP\JKAQ3\BUILD\QUAKE3_DEBUG\TR_SHADOWS.OBJ
C:\USERS\DAN\DESKTOP\JKAQ3\BUILD\QUAKE3_DEBUG\TR_SHADOWS.SBR
C:\USERS\DAN\DESKTOP\JKAQ3\BUILD\QUAKE3_DEBUG\TR_SKY.OBJ
C:\USERS\DAN\DESKTOP\JKAQ3\BUILD\QUAKE3_DEBUG\TR_SKY.SBR
C:\USERS\DAN\DESKTOP\JKAQ3\BUILD\QUAKE3_DEBUG\TR_SURFACE.OBJ
C:\USERS\DAN\DESKTOP\JKAQ3\BUILD\QUAKE3_DEBUG\TR_SURFACE.SBR
C:\USERS\DAN\DESKTOP\JKAQ3\BUILD\QUAKE3_DEBUG\TR_WORLD.OBJ
C:\USERS\DAN\DESKTOP\JKAQ3\BUILD\QUAKE3_DEBUG\TR_WORLD.SBR
C:\USERS\DAN\DESKTOP\JKAQ3\BUILD\QUAKE3_DEBUG\UNZIP.OBJ
C:\USERS\DAN\DESKTOP\JKAQ3\BUILD\QUAKE3_DEBUG\UNZIP.SBR
C:\USERS\DAN\DESKTOP\JKAQ3\BUILD\QUAKE3_DEBUG\VBR.OBJ
C:\USERS\DAN\DESKTOP\JKAQ3\BUILD\QUAKE3_DEBUG\VBR.SBR
C:\Users\dan\Desktop\jkaq3\build\quake3_debug\vc100.idb
C:\USERS\DAN\DESKTOP\JKAQ3\BUILD\QUAKE3_DEBUG\VC100.PDB
C:\USERS\DAN\DESKTOP\JKAQ3\BUILD\QUAKE3_DEBUG\VM.OBJ
C:\USERS\DAN\DESKTOP\JKAQ3\BUILD\QUAKE3_DEBUG\VM.SBR
C:\USERS\DAN\DESKTOP\JKAQ3\BUILD\QUAKE3_DEBUG\VM_INTERPRETED.OBJ
C:\USERS\DAN\DESKTOP\JKAQ3\BUILD\QUAKE3_DEBUG\VM_INTERPRETED.SBR
C:\USERS\DAN\DESKTOP\JKAQ3\BUILD\QUAKE3_DEBUG\VM_X86.OBJ
C:\USERS\DAN\DESKTOP\JKAQ3\BUILD\QUAKE3_DEBUG\VM_X86.SBR
C:\USERS\DAN\DESKTOP\JKAQ3\BUILD\QUAKE3_DEBUG\VQ.OBJ
C:\USERS\DAN\DESKTOP\JKAQ3\BUILD\QUAKE3_DEBUG\VQ.SBR
C:\USERS\DAN\DESKTOP\JKAQ3\BUILD\QUAKE3_DEBUG\WINDOW.OBJ
C:\USERS\DAN\DESKTOP\JKAQ3\BUILD\QUAKE3_DEBUG\WINDOW.SBR
C:\USERS\DAN\DESKTOP\JKAQ3\BUILD\QUAKE3_DEBUG\ZUTIL.OBJ
C:\USERS\DAN\DESKTOP\JKAQ3\BUILD\QUAKE3_DEBUG\ZUTIL.SBR
C:\Users\dan\Desktop\jkaq3\misc\msvc10\..\..\build\quake3_debug\ioquake3.x86.exe
C:\Users\dan\Desktop\jkaq3\misc\msvc10\..\..\build\quake3_debug\ioquake3.x86.exe.intermediate.manifest
C:\USERS\DAN\DESKTOP\JKAQ3\MISC\WINQUAKE.RES
