..\..\build\ui_debug\ui_newx86.bsc
..\..\build\ui_debug\ui_newx86.ilk
..\..\build\ui_debug\ui_newx86.pdb
C:\USERS\DAN\DESKTOP\JKAQ3\BUILD\UI_DEBUG\BG_MISC.OBJ
C:\USERS\DAN\DESKTOP\JKAQ3\BUILD\UI_DEBUG\BG_MISC.SBR
C:\USERS\DAN\DESKTOP\JKAQ3\BUILD\UI_DEBUG\BG_SAGA.OBJ
C:\USERS\DAN\DESKTOP\JKAQ3\BUILD\UI_DEBUG\BG_SAGA.SBR
C:\USERS\DAN\DESKTOP\JKAQ3\BUILD\UI_DEBUG\BG_VEHICLELOAD.OBJ
C:\USERS\DAN\DESKTOP\JKAQ3\BUILD\UI_DEBUG\BG_VEHICLELOAD.SBR
C:\USERS\DAN\DESKTOP\JKAQ3\BUILD\UI_DEBUG\BG_WEAPONS.OBJ
C:\USERS\DAN\DESKTOP\JKAQ3\BUILD\UI_DEBUG\BG_WEAPONS.SBR
C:\Users\dan\Desktop\jkaq3\build\ui_debug\BscMake.command.1.tlog
C:\Users\dan\Desktop\jkaq3\build\ui_debug\bscmake.read.1.tlog
C:\Users\dan\Desktop\jkaq3\build\ui_debug\bscmake.write.1.tlog
C:\Users\dan\Desktop\jkaq3\build\ui_debug\cl.command.1.tlog
C:\Users\dan\Desktop\jkaq3\build\ui_debug\CL.read.1.tlog
C:\Users\dan\Desktop\jkaq3\build\ui_debug\CL.write.1.tlog
C:\Users\dan\Desktop\jkaq3\build\ui_debug\link.5468.read.1.tlog
C:\Users\dan\Desktop\jkaq3\build\ui_debug\link.5468.write.1.tlog
C:\Users\dan\Desktop\jkaq3\build\ui_debug\link.5468-cvtres.read.1.tlog
C:\Users\dan\Desktop\jkaq3\build\ui_debug\link.5468-cvtres.write.1.tlog
C:\Users\dan\Desktop\jkaq3\build\ui_debug\link.command.1.tlog
C:\Users\dan\Desktop\jkaq3\build\ui_debug\link.read.1.tlog
C:\Users\dan\Desktop\jkaq3\build\ui_debug\link.write.1.tlog
C:\Users\dan\Desktop\jkaq3\build\ui_debug\link-cvtres.read.1.tlog
C:\Users\dan\Desktop\jkaq3\build\ui_debug\link-cvtres.write.1.tlog
C:\Users\dan\Desktop\jkaq3\build\ui_debug\mt.command.1.tlog
C:\Users\dan\Desktop\jkaq3\build\ui_debug\mt.read.1.tlog
C:\Users\dan\Desktop\jkaq3\build\ui_debug\mt.write.1.tlog
C:\USERS\DAN\DESKTOP\JKAQ3\BUILD\UI_DEBUG\Q_MATH.OBJ
C:\USERS\DAN\DESKTOP\JKAQ3\BUILD\UI_DEBUG\Q_MATH.SBR
C:\USERS\DAN\DESKTOP\JKAQ3\BUILD\UI_DEBUG\Q_SHARED.OBJ
C:\USERS\DAN\DESKTOP\JKAQ3\BUILD\UI_DEBUG\Q_SHARED.SBR
C:\Users\dan\Desktop\jkaq3\build\ui_debug\rc.command.1.tlog
C:\Users\dan\Desktop\jkaq3\build\ui_debug\rc.read.1.tlog
C:\Users\dan\Desktop\jkaq3\build\ui_debug\rc.write.1.tlog
C:\Users\dan\Desktop\jkaq3\build\ui_debug\ui.write.1.tlog
C:\USERS\DAN\DESKTOP\JKAQ3\BUILD\UI_DEBUG\UI_ATOMS.OBJ
C:\USERS\DAN\DESKTOP\JKAQ3\BUILD\UI_DEBUG\UI_ATOMS.SBR
C:\USERS\DAN\DESKTOP\JKAQ3\BUILD\UI_DEBUG\UI_FORCE.OBJ
C:\USERS\DAN\DESKTOP\JKAQ3\BUILD\UI_DEBUG\UI_FORCE.SBR
C:\USERS\DAN\DESKTOP\JKAQ3\BUILD\UI_DEBUG\UI_GAMEINFO.OBJ
C:\USERS\DAN\DESKTOP\JKAQ3\BUILD\UI_DEBUG\UI_GAMEINFO.SBR
C:\USERS\DAN\DESKTOP\JKAQ3\BUILD\UI_DEBUG\UI_MAIN.OBJ
C:\USERS\DAN\DESKTOP\JKAQ3\BUILD\UI_DEBUG\UI_MAIN.SBR
C:\USERS\DAN\DESKTOP\JKAQ3\BUILD\UI_DEBUG\UI_NEWX86.BSC
C:\USERS\DAN\DESKTOP\JKAQ3\BUILD\UI_DEBUG\UI_NEWX86.DLL
C:\USERS\DAN\DESKTOP\JKAQ3\BUILD\UI_DEBUG\UI_NEWX86.DLL.EMBED.MANIFEST
C:\USERS\DAN\DESKTOP\JKAQ3\BUILD\UI_DEBUG\UI_NEWX86.DLL.EMBED.MANIFEST.RES
C:\USERS\DAN\DESKTOP\JKAQ3\BUILD\UI_DEBUG\UI_NEWX86.DLL.INTERMEDIATE.MANIFEST
C:\USERS\DAN\DESKTOP\JKAQ3\BUILD\UI_DEBUG\UI_NEWX86.ILK
C:\USERS\DAN\DESKTOP\JKAQ3\BUILD\UI_DEBUG\UI_NEWX86.MAP
C:\USERS\DAN\DESKTOP\JKAQ3\BUILD\UI_DEBUG\UI_NEWX86.PDB
C:\Users\dan\Desktop\jkaq3\build\ui_debug\ui_newx86_manifest.rc
C:\USERS\DAN\DESKTOP\JKAQ3\BUILD\UI_DEBUG\UI_SABER.OBJ
C:\USERS\DAN\DESKTOP\JKAQ3\BUILD\UI_DEBUG\UI_SABER.SBR
C:\USERS\DAN\DESKTOP\JKAQ3\BUILD\UI_DEBUG\UI_SHARED.OBJ
C:\USERS\DAN\DESKTOP\JKAQ3\BUILD\UI_DEBUG\UI_SHARED.SBR
C:\USERS\DAN\DESKTOP\JKAQ3\BUILD\UI_DEBUG\UI_SYSCALLS.OBJ
C:\USERS\DAN\DESKTOP\JKAQ3\BUILD\UI_DEBUG\UI_SYSCALLS.SBR
C:\Users\dan\Desktop\jkaq3\build\ui_debug\uix86_new.exp
C:\Users\dan\Desktop\jkaq3\build\ui_debug\uix86_new.lib
C:\Users\dan\Desktop\jkaq3\build\ui_debug\vc100.idb
C:\USERS\DAN\DESKTOP\JKAQ3\BUILD\UI_DEBUG\VC100.PDB
C:\Users\dan\Desktop\jkaq3\misc\msvc10\..\..\build\ui_debug\ui_newx86.dll
C:\Users\dan\Desktop\jkaq3\misc\msvc10\..\..\build\ui_debug\ui_newx86.dll.intermediate.manifest
